Opened the log file succesfully
Main socket created succesfully
Desk: 1 is ready
1th customer has connected to the main socket
Customer connected to desk: 1
Customer done with desk: 1
2th customer has connected to the main socket
3th customer has connected to the main socket
4th customer has connected to the main socket
5th customer has connected to the main socket
Customer connected to desk: 1
6th customer has connected to the main socket
7th customer has connected to the main socket
Customer done with desk: 1
Customer connected to desk: 1
Customer done with desk: 1
Customer connected to desk: 1
Customer done with desk: 1
Customer connected to desk: 1
8th customer has connected to the main socket
9th customer has connected to the main socket
10th customer has connected to the main socket
11th customer has connected to the main socket
12th customer has connected to the main socket
13th customer has connected to the main socket
Customer done with desk: 1
Customer connected to desk: 1
14th customer has connected to the main socket
15th customer has connected to the main socket
Customer done with desk: 1
Customer connected to desk: 1
Customer done with desk: 1
Customer connected to desk: 1
16th customer has connected to the main socket
17th customer has connected to the main socket
Customer done with desk: 1
Customer connected to desk: 1
18th customer has connected to the main socket
Customer done with desk: 1
Customer connected to desk: 1
Customer done with desk: 1
Customer connected to desk: 1
Customer done with desk: 1
Customer connected to desk: 1
19th customer has connected to the main socket
20th customer has connected to the main socket
21th customer has connected to the main socket
Customer done with desk: 1
Customer connected to desk: 1
Customer done with desk: 1
Customer connected to desk: 1
22th customer has connected to the main socket
23th customer has connected to the main socket
Customer done with desk: 1
Customer connected to desk: 1
Customer done with desk: 1
Customer connected to desk: 1
Customer done with desk: 1
Customer connected to desk: 1
Customer done with desk: 1
Customer connected to desk: 1
Customer done with desk: 1
Customer connected to desk: 1
Customer done with desk: 1
Customer connected to desk: 1
24th customer has connected to the main socket
25th customer has connected to the main socket
Customer done with desk: 1
Customer connected to desk: 1
26th customer has connected to the main socket
Customer done with desk: 1
Customer connected to desk: 1
Customer done with desk: 1
Customer connected to desk: 1
Customer done with desk: 1
Customer connected to desk: 1
Customer done with desk: 1
Customer connected to desk: 1
Customer done with desk: 1
Customer connected to desk: 1
Customer done with desk: 1
Desk: 1 has finished execution
In total: 26 customers connected to the server
Shutting down server
